<?xml version="1.0" encoding="UTF-8"?>
<testng-results ignored="0" total="1" passed="1" failed="0" skipped="0">
  <reporter-output>
  </reporter-output>
  <suite started-at="2022-08-18T19:35:58 IST" name="Suite" finished-at="2022-08-18T19:37:02 IST" duration-ms="63179">
    <groups>
    </groups>
    <test started-at="2022-08-18T19:35:58 IST" name="test automation" finished-at="2022-08-18T19:37:02 IST" duration-ms="63179">
      <class name="com.axios.test.CurrecyConverterTestScript">
        <test-method is-config="true" signature="browserLaunch(java.lang.String)[pri:0, instance:com.axios.test.CurrecyConverterTestScript@10163d6]" started-at="2022-08-18T19:35:58 IST" name="browserLaunch" finished-at="2022-08-18T19:36:45 IST" duration-ms="46509" status="PASS">
          <params>
            <param index="0">
              <value>
                <![CDATA[https://www.xe.com/currencyconverter/]]>
              </value>
            </param>
          </params>
          <reporter-output>
          </reporter-output>
        </test-method> <!-- browserLaunch -->
        <test-method signature="verifyAcccountDetails()[pri:0, instance:com.axios.test.CurrecyConverterTestScript@10163d6]" started-at="2022-08-18T19:36:45 IST" name="verifyAcccountDetails" finished-at="2022-08-18T19:37:01 IST" duration-ms="16360" status="PASS">
          <reporter-output>
          </reporter-output>
        </test-method> <!-- verifyAcccountDetails -->
        <test-method is-config="true" signature="browserClose()[pri:0, instance:com.axios.test.CurrecyConverterTestScript@10163d6]" started-at="2022-08-18T19:37:01 IST" name="browserClose" finished-at="2022-08-18T19:37:02 IST" duration-ms="245" status="PASS">
          <reporter-output>
          </reporter-output>
        </test-method> <!-- browserClose -->
      </class> <!-- com.axios.test.CurrecyConverterTestScript -->
    </test> <!-- test automation -->
  </suite> <!-- Suite -->
</testng-results>
